# JRE version: Java(TM) SE Runtime Environment (17.0.2+8) (build 17.0.2+8-LTS-86)
# Java VM: Java HotSpot(TM) 64-Bit Server VM (17.0.2+8-LTS-86, mixed mode, sharing, tiered, compressed oops, compressed class ptrs, g1 gc, windows-amd64)
GC Precious Log:
 CPUs: 16 total, 16 available
 Memory: 16168M
 Large Page Support: Disabled
 NUMA Support: Disabled
 Compressed Oops: Enabled (32-bit)
 Heap Region Size: 1M
 Heap Min Capacity: 256M
 Heap Initial Capacity: 256M
 Heap Max Capacity: 512M
 Pre-touch: Disabled
 Parallel Workers: 13
 Concurrent Workers: 3
 Concurrent Refinement Workers: 13
 Periodic GC: Disabled
Heap:
 garbage-first heap   total 262144K, used 68256K [0x00000000e0000000, 0x0000000100000000)
  region size 1024K, 34 young (34816K), 15 survivors (15360K)
 Metaspace       used 46077K, committed 46784K, reserved 253952K
  class space    used 6516K, committed 6848K, reserved 212992K
GC Heap History (14 events):
Event: 0.334 GC heap before
{Heap before GC invocations=0 (full 0):
 garbage-first heap   total 262144K, used 28672K [0x00000000e0000000, 0x0000000100000000)
  region size 1024K, 23 young (23552K), 0 survivors (0K)
 Metaspace       used 3027K, committed 3200K, reserved 221184K
  class space    used 381K, committed 448K, reserved 212992K
}
Event: 0.336 GC heap after
{Heap after GC invocations=1 (full 0):
 garbage-first heap   total 262144K, used 9285K [0x00000000e0000000, 0x0000000100000000)
  region size 1024K, 3 young (3072K), 3 survivors (3072K)
 Metaspace       used 3027K, committed 3200K, reserved 221184K
  class space    used 381K, committed 448K, reserved 212992K
}
Event: 0.541 GC heap before
{Heap before GC invocations=1 (full 0):
 garbage-first heap   total 262144K, used 38981K [0x00000000e0000000, 0x0000000100000000)
  region size 1024K, 31 young (31744K), 3 survivors (3072K)
 Metaspace       used 3949K, committed 4160K, reserved 221184K
  class space    used 476K, committed 576K, reserved 212992K
}
Event: 0.543 GC heap after
{Heap after GC invocations=2 (full 0):
 garbage-first heap   total 262144K, used 12378K [0x00000000e0000000, 0x0000000100000000)
  region size 1024K, 4 young (4096K), 4 survivors (4096K)
 Metaspace       used 3949K, committed 4160K, reserved 221184K
  class space    used 476K, committed 576K, reserved 212992K
}
Event: 1.784 GC heap before
{Heap before GC invocations=2 (full 0):
 garbage-first heap   total 262144K, used 114778K [0x00000000e0000000, 0x0000000100000000)
  region size 1024K, 105 young (107520K), 4 survivors (4096K)
 Metaspace       used 21269K, committed 21504K, reserved 237568K
  class space    used 3158K, committed 3264K, reserved 212992K
}
Event: 1.788 GC heap after
{Heap after GC invocations=3 (full 0):
 garbage-first heap   total 262144K, used 20705K [0x00000000e0000000, 0x0000000100000000)
  region size 1024K, 12 young (12288K), 12 survivors (12288K)
 Metaspace       used 21269K, committed 21504K, reserved 237568K
  class space    used 3158K, committed 3264K, reserved 212992K
}
Event: 2.963 GC heap before
{Heap before GC invocations=4 (full 0):
 garbage-first heap   total 262144K, used 134369K [0x00000000e0000000, 0x0000000100000000)
  region size 1024K, 121 young (123904K), 12 survivors (12288K)
 Metaspace       used 35716K, committed 36096K, reserved 245760K
  class space    used 4901K, committed 5056K, reserved 212992K
}
Event: 2.970 GC heap after
{Heap after GC invocations=5 (full 0):
 garbage-first heap   total 262144K, used 31192K [0x00000000e0000000, 0x0000000100000000)
  region size 1024K, 16 young (16384K), 16 survivors (16384K)
 Metaspace       used 35716K, committed 36096K, reserved 245760K
  class space    used 4901K, committed 5056K, reserved 212992K
}
Event: 2.981 GC heap before
{Heap before GC invocations=5 (full 0):
 garbage-first heap   total 262144K, used 32216K [0x00000000e0000000, 0x0000000100000000)
  region size 1024K, 17 young (17408K), 16 survivors (16384K)
 Metaspace       used 35882K, committed 36288K, reserved 245760K
  class space    used 4927K, committed 5120K, reserved 212992K
}
Event: 2.988 GC heap after
{Heap after GC invocations=6 (full 0):
 garbage-first heap   total 262144K, used 33369K [0x00000000e0000000, 0x0000000100000000)
  region size 1024K, 3 young (3072K), 3 survivors (3072K)
 Metaspace       used 35882K, committed 36288K, reserved 245760K
  class space    used 4927K, committed 5120K, reserved 212992K
}
Event: 2.998 GC heap before
{Heap before GC invocations=6 (full 0):
 garbage-first heap   total 262144K, used 34393K [0x00000000e0000000, 0x0000000100000000)
  region size 1024K, 5 young (5120K), 3 survivors (3072K)
 Metaspace       used 36030K, committed 36416K, reserved 245760K
  class space    used 4957K, committed 5120K, reserved 212992K
}
Event: 2.999 GC heap after
{Heap after GC invocations=7 (full 0):
 garbage-first heap   total 262144K, used 31786K [0x00000000e0000000, 0x0000000100000000)
  region size 1024K, 1 young (1024K), 1 survivors (1024K)
 Metaspace       used 36030K, committed 36416K, reserved 245760K
  class space    used 4957K, committed 5120K, reserved 212992K
}
Event: 4.111 GC heap before
{Heap before GC invocations=8 (full 0):
 garbage-first heap   total 262144K, used 191530K [0x00000000e0000000, 0x0000000100000000)
  region size 1024K, 153 young (156672K), 1 survivors (1024K)
 Metaspace       used 45534K, committed 46208K, reserved 253952K
  class space    used 6426K, committed 6720K, reserved 212992K
}
Event: 4.117 GC heap after
{Heap after GC invocations=9 (full 0):
 garbage-first heap   total 262144K, used 49824K [0x00000000e0000000, 0x0000000100000000)
  region size 1024K, 15 young (15360K), 15 survivors (15360K)
 Metaspace       used 45534K, committed 46208K, reserved 253952K
  class space    used 6426K, committed 6720K, reserved 212992K
}

